#
# A fatal error has been detected by the Java Runtime Environment:
#
#  SIGSEGV (0xb) at pc=0x00007f1637d85507, pid=25387, tid=25388
#
# JRE version: OpenJDK Runtime Environment (11.0.10) (build 11.0.10+0-b96-7249189)
# Java VM: OpenJDK 64-Bit Server VM (11.0.10+0-b96-7249189, mixed mode, tiered, compressed oops, g1 gc, linux-amd64)
# Problematic frame:
# V  [libjvm.so+0x603507]  Deoptimization::query_update_method_data(MethodData*, int, Deoptimization::DeoptReason, bool, bool, Method*, unsigned int&, bool&, bool&)+0x37
#
# Core dump will be written. Default location: Core dumps may be processed with "/usr/share/apport/apport %p %s %c %d %P %E" (or dumping to /media/ronytarafder99/New Disk/Android/QuizApp/core.25387)
#
# If you would like to submit a bug report, please visit:
#   https://bugreport.java.com/bugreport/crash.jsp
#

---------------  S U M M A R Y ------------

Command Line: org.jetbrains.git4idea.http.GitAskPassApp Username for 'https://github.com': 

Host: Intel(R) Core(TM) i3-6100 CPU @ 3.70GHz, 4 cores, 11G, Ubuntu 20.04.4 LTS
Time: Thu Mar 10 01:34:02 2022 +06 elapsed time: 0.199775 seconds (0d 0h 0m 0s)

---------------  T H R E A D  ---------------

Current thread (0x00007f1630016800):  JavaThread "main" [_thread_in_vm, id=25388, stack(0x00007f1637532000,0x00007f1637633000)]

Stack: [0x00007f1637532000,0x00007f1637633000],  sp=0x00007f1637631630,  free space=1021k
Native frames: (J=compiled Java code, A=aot compiled Java code, j=interpreted, Vv=VM code, C=native code)
V  [libjvm.so+0x603507]  Deoptimization::query_update_method_data(MethodData*, int, Deoptimization::DeoptReason, bool, bool, Method*, unsigned int&, bool&, bool&)+0x37
V  [libjvm.so+0x603853]  Deoptimization::update_method_data_from_interpreter(MethodData*, int, int)+0x83
V  [libjvm.so+0x76982b]  InterpreterRuntime::note_trap(JavaThread*, int, Thread*)+0xfb
V  [libjvm.so+0x769bcf]  InterpreterRuntime::create_exception(JavaThread*, char*, char*)+0x6f
j  java.lang.StringBuffer.<init>()V+0 java.base@11.0.10
j  org.apache.xmlrpc.util.HttpUtil.encodeBasicAuthentication(Ljava/lang/String;Ljava/lang/String;)Ljava/lang/String;+17
j  org.apache.xmlrpc.DefaultXmlRpcTransportFactory.setBasicAuthentication(Ljava/lang/String;Ljava/lang/String;)V+5
j  org.jetbrains.git4idea.GitAppUtil.sendXmlRequest(Ljava/lang/String;Ljava/lang/String;I[Ljava/lang/Object;)Ljava/lang/Object;+32
j  org.jetbrains.git4idea.http.GitAskPassApp.main([Ljava/lang/String;)V+53
v  ~StubRoutines::call_stub
V  [libjvm.so+0x7724cf]  JavaCalls::call_helper(JavaValue*, methodHandle const&, JavaCallArguments*, Thread*)+0x30f
V  [libjvm.so+0x7c4544]  jni_invoke_static(JNIEnv_*, JavaValue*, _jobject*, JNICallType, _jmethodID*, JNI_ArgumentPusher*, Thread*)+0x1a4
V  [libjvm.so+0x7c83c5]  jni_CallStaticVoidMethod+0x1f5
C  [libjli.so+0xa42c]  JavaMain+0x9bc

Java frames: (J=compiled Java code, j=interpreted, Vv=VM code)
j  java.lang.StringBuffer.<init>()V+0 java.base@11.0.10
j  org.apache.xmlrpc.util.HttpUtil.encodeBasicAuthentication(Ljava/lang/String;Ljava/lang/String;)Ljava/lang/String;+17
j  org.apache.xmlrpc.DefaultXmlRpcTransportFactory.setBasicAuthentication(Ljava/lang/String;Ljava/lang/String;)V+5
j  org.jetbrains.git4idea.GitAppUtil.sendXmlRequest(Ljava/lang/String;Ljava/lang/String;I[Ljava/lang/Object;)Ljava/lang/Object;+32
j  org.jetbrains.git4idea.http.GitAskPassApp.main([Ljava/lang/String;)V+53
v  ~StubRoutines::call_stub

siginfo: si_signo: 11 (SIGSEGV), si_code: 1 (SEGV_MAPERR), si_addr: 0x00000000000000b1

Register to memory mapping:

RAX=0x0000000000000001 is an unknown value
RBX=0x00007f1630016ea0 points into unknown readable memory: 0x0000000000000002 | 02 00 00 00 00 00 00 00
RCX=0x0000000000000001 is an unknown value
RDX=0x0000000000000001 is an unknown value
RSP=0x00007f1637631630 is pointing into the stack for thread: 0x00007f1630016800
RBP=0x00007f1637631670 is pointing into the stack for thread: 0x00007f1630016800
RSI=0x0 is NULL
RDI=0x0 is NULL
R8 =0x0 is NULL
R9 =0x0 is NULL
R10=0x0 is NULL
R11=0x0 is NULL
R12=0x0000000000000010 is an unknown value
R13=0x0000000000000001 is an unknown value
R14=0x00007f16300172c8 points into unknown readable memory: 0x0000000000000045 | 45 00 00 00 00 00 00 00
R15=0x0000000000000001 is an unknown value


Registers:
RAX=0x0000000000000001, RBX=0x00007f1630016ea0, RCX=0x0000000000000001, RDX=0x0000000000000001
RSP=0x00007f1637631630, RBP=0x00007f1637631670, RSI=0x0000000000000000, RDI=0x0000000000000000
R8 =0x0000000000000000, R9 =0x0000000000000000, R10=0x0000000000000000, R11=0x0000000000000000
R12=0x0000000000000010, R13=0x0000000000000001, R14=0x00007f16300172c8, R15=0x0000000000000001
RIP=0x00007f1637d85507, EFLAGS=0x0000000000010246, CSGSFS=0x002b000000000033, ERR=0x0000000000000004
  TRAPNO=0x000000000000000e

Top of Stack: (sp=0x00007f1637631630)
0x00007f1637631630:   0000000000000000 0000000000000000
0x00007f1637631640:   00007f16348e1b10 00007f1630016ea0
0x00007f1637631650:   0000000000000000 0000000000000010
0x00007f1637631660:   00007f16300172c8 0000000000000001 

Instructions: (pc=0x00007f1637d85507)
0x00007f1637d85407:   fe 3d ff ff ff 7f 0f 44 ca 83 fa 01 41 0f 42 c8
0x00007f1637d85417:   89 ce 81 ce 00 00 00 80 85 db 0f 49 f1 39 de 75
0x00007f1637d85427:   10 3d ff ff ff 7f 75 21 4c 8d 25 02 c2 72 00 eb
0x00007f1637d85437:   44 48 8d 15 85 2e 6d 00 4c 89 f7 4c 89 fe 89 d9
0x00007f1637d85447:   31 c0 e8 a2 7f c7 ff eb 57 83 fa 1d 77 0f 89 d0
0x00007f1637d85457:   48 8d 0d a2 1d bf 00 4c 8b 24 c1 eb 18 4c 8d 25
0x00007f1637d85467:   b5 46 c3 00 48 8d 35 fb f6 6c 00 4c 89 e7 31 c0
0x00007f1637d85477:   e8 c4 8c c7 ff 85 db 48 8d 05 7d f6 6c 00 4c 8d
0x00007f1637d85487:   05 40 f6 6d 00 4c 0f 48 c0 48 8d 15 c2 2c 6d 00
0x00007f1637d85497:   4c 89 f7 4c 89 fe 4c 89 e1 31 c0 e8 49 7f c7 ff
0x00007f1637d854a7:   4c 89 f0 5b 41 5c 41 5e 41 5f 5d c3 66 2e 0f 1f
0x00007f1637d854b7:   84 00 00 00 00 00 0f 1f 00 55 48 89 e5 89 f8 c1
0x00007f1637d854c7:   e8 1f 5d c3 0f 1f 44 00 00 55 48 89 e5 41 57 41
0x00007f1637d854d7:   56 41 55 41 54 53 48 83 ec 18 41 89 d5 49 89 fc
0x00007f1637d854e7:   45 31 db 41 ba 00 00 00 00 bf 00 00 00 00 84 c9
0x00007f1637d854f7:   74 5b 41 8d 45 1e 45 84 c0 41 0f 44 c5 48 63 c8
0x00007f1637d85507:   41 0f b6 84 0c a0 00 00 00 41 89 c3 41 83 c3 01
0x00007f1637d85517:   45 84 db 74 0a 45 88 9c 0c a0 00 00 00 eb 1b 45
0x00007f1637d85527:   8b 9c 24 98 00 00 00 41 8d 4b 01 41 89 8c 24 98
0x00007f1637d85537:   00 00 00 41 81 c3 00 01 00 00 84 c0 40 0f 95 c7
0x00007f1637d85547:   41 83 bc 24 90 00 00 00 00 41 0f 95 c2 48 8b 55
0x00007f1637d85557:   20 48 8b 5d 18 4c 8b 45 10 41 8d 45 ff 44 89 e9
0x00007f1637d85567:   83 f8 08 72 27 41 8d 45 f2 83 f8 09 77 0a b9 71
0x00007f1637d85577:   03 00 00 0f a3 c1 72 08 45 31 ff e9 ad 01 00 00
0x00007f1637d85587:   48 98 48 8d 0d 0c f2 6c 00 8b 0c 81 89 4d c4 4c
0x00007f1637d85597:   89 5d c8 89 7d d4 44 89 55 d0 41 83 c5 ee 31 db
0x00007f1637d855a7:   41 83 fd 03 49 0f 42 d9 48 85 db 41 89 f6 0f 84
0x00007f1637d855b7:   a5 00 00 00 4c 89 e7 48 89 da b9 01 00 00 00 e8
0x00007f1637d855c7:   35 d6 42 00 49 89 c7 48 85 c0 0f 85 a0 00 00 00
0x00007f1637d855d7:   44 89 f6 4c 89 e7 e8 ee d4 42 00 49 89 c7 48 85
0x00007f1637d855e7:   c0 0f 85 89 00 00 00 44 89 f6 4c 89 e7 31 d2 b9
0x00007f1637d855f7:   01 00 00 00 e8 00 d6 42 00 49 89 c7 48 85 c0 75 


Stack slot to memory mapping:
stack at sp + 0 slots: 0x0 is NULL
stack at sp + 1 slots: 0x0 is NULL
stack at sp + 2 slots: 0x00007f16348e1b10 is pointing into metadata
stack at sp + 3 slots: 0x00007f1630016ea0 points into unknown readable memory: 0x0000000000000002 | 02 00 00 00 00 00 00 00
stack at sp + 4 slots: 0x0 is NULL
stack at sp + 5 slots: 0x0000000000000010 is an unknown value
stack at sp + 6 slots: 0x00007f16300172c8 points into unknown readable memory: 0x0000000000000045 | 45 00 00 00 00 00 00 00
stack at sp + 7 slots: 0x0000000000000001 is an unknown value


---------------  P R O C E S S  ---------------

Threads class SMR info:
_java_thread_list=0x00007f163024cb60, length=9, elements={
0x00007f1630016800, 0x00007f1630198000, 0x00007f163019c800, 0x00007f16301b1800,
0x00007f16301b3800, 0x00007f16301b5800, 0x00007f16301b7800, 0x00007f16301b9800,
0x00007f163024b800
}

Java Threads: ( => current thread )
=>0x00007f1630016800 JavaThread "main" [_thread_in_vm, id=25388, stack(0x00007f1637532000,0x00007f1637633000)]
  0x00007f1630198000 JavaThread "Reference Handler" daemon [_thread_blocked, id=25395, stack(0x00007f163404e000,0x00007f163414f000)]
  0x00007f163019c800 JavaThread "Finalizer" daemon [_thread_blocked, id=25396, stack(0x00007f161d431000,0x00007f161d532000)]
  0x00007f16301b1800 JavaThread "Signal Dispatcher" daemon [_thread_blocked, id=25397, stack(0x00007f161cd69000,0x00007f161ce6a000)]
  0x00007f16301b3800 JavaThread "Service Thread" daemon [_thread_blocked, id=25398, stack(0x00007f161cc68000,0x00007f161cd69000)]
  0x00007f16301b5800 JavaThread "C2 CompilerThread0" daemon [_thread_blocked, id=25399, stack(0x00007f161cb67000,0x00007f161cc68000)]
  0x00007f16301b7800 JavaThread "C1 CompilerThread0" daemon [_thread_blocked, id=25400, stack(0x00007f161ca66000,0x00007f161cb67000)]
  0x00007f16301b9800 JavaThread "Sweeper thread" daemon [_thread_blocked, id=25401, stack(0x00007f161c965000,0x00007f161ca66000)]
  0x00007f163024b800 JavaThread "Common-Cleaner" daemon [_thread_blocked, id=25403, stack(0x00007f161c762000,0x00007f161c863000)]

Other Threads:
  0x00007f163018f800 VMThread "VM Thread" [stack: 0x00007f1634151000,0x00007f1634251000] [id=25394]
  0x00007f163023a000 WatcherThread [stack: 0x00007f161c865000,0x00007f161c965000] [id=25402]
  0x00007f163002e800 GCTaskThread "GC Thread#0" [stack: 0x00007f1636973000,0x00007f1636a73000] [id=25389]
  0x00007f1630076000 ConcurrentGCThread "G1 Main Marker" [stack: 0x00007f16352a3000,0x00007f16353a3000] [id=25390]
  0x00007f1630077800 ConcurrentGCThread "G1 Conc#0" [stack: 0x00007f16351a1000,0x00007f16352a1000] [id=25391]
  0x00007f1630128800 ConcurrentGCThread "G1 Refine#0" [stack: 0x00007f1634c9b000,0x00007f1634d9b000] [id=25392]
  0x00007f163012a800 ConcurrentGCThread "G1 Young RemSet Sampling" [stack: 0x00007f1634b99000,0x00007f1634c99000] [id=25393]

Threads with active compile tasks:

VM state:not at safepoint (normal execution)

VM Mutex/Monitor currently owned by a thread: None

Heap address: 0x0000000746600000, size: 2970 MB, Compressed Oops mode: Zero based, Oop shift amount: 3
Narrow klass base: 0x0000000800000000, Narrow klass shift: 0
Compressed class space size: 1073741824 Address: 0x0000000800000000

Heap:
 garbage-first heap   total 190464K, used 3072K [0x0000000746600000, 0x0000000800000000)
  region size 1024K, 5 young (5120K), 0 survivors (0K)
 Metaspace       used 6157K, capacity 6261K, committed 6528K, reserved 1056768K
  class space    used 536K, capacity 574K, committed 640K, reserved 1048576K
Heap Regions: E=young(eden), S=young(survivor), O=old, HS=humongous(starts), HC=humongous(continues), CS=collection set, F=free, A=archive, TAMS=top-at-mark-start (previous, next)
|   0|0x0000000746600000, 0x0000000746600000, 0x0000000746700000|  0%| F|  |TAMS 0x0000000746600000, 0x0000000746600000| Untracked 
|   1|0x0000000746700000, 0x0000000746700000, 0x0000000746800000|  0%| F|  |TAMS 0x0000000746700000, 0x0000000746700000| Untracked 
|   2|0x0000000746800000, 0x0000000746800000, 0x0000000746900000|  0%| F|  |TAMS 0x0000000746800000, 0x0000000746800000| Untracked 
|   3|0x0000000746900000, 0x0000000746900000, 0x0000000746a00000|  0%| F|  |TAMS 0x0000000746900000, 0x0000000746900000| Untracked 
|   4|0x0000000746a00000, 0x0000000746a00000, 0x0000000746b00000|  0%| F|  |TAMS 0x0000000746a00000, 0x0000000746a00000| Untracked 
|   5|0x0000000746b00000, 0x0000000746b00000, 0x0000000746c00000|  0%| F|  |TAMS 0x0000000746b00000, 0x0000000746b00000| Untracked 
|   6|0x0000000746c00000, 0x0000000746c00000, 0x0000000746d00000|  0%| F|  |TAMS 0x0000000746c00000, 0x0000000746c00000| Untracked 
|   7|0x0000000746d00000, 0x0000000746d00000, 0x0000000746e00000|  0%| F|  |TAMS 0x0000000746d00000, 0x0000000746d00000| Untracked 
|   8|0x0000000746e00000, 0x0000000746e00000, 0x0000000746f00000|  0%| F|  |TAMS 0x0000000746e00000, 0x0000000746e00000| Untracked 
|   9|0x0000000746f00000, 0x0000000746f00000, 0x0000000747000000|  0%| F|  |TAMS 0x0000000746f00000, 0x0000000746f00000| Untracked 
|  10|0x0000000747000000, 0x0000000747000000, 0x0000000747100000|  0%| F|  |TAMS 0x0000000747000000, 0x0000000747000000| Untracked 
|  11|0x0000000747100000, 0x0000000747100000, 0x0000000747200000|  0%| F|  |TAMS 0x0000000747100000, 0x0000000747100000| Untracked 
|  12|0x0000000747200000, 0x0000000747200000, 0x0000000747300000|  0%| F|  |TAMS 0x0000000747200000, 0x0000000747200000| Untracked 
|  13|0x0000000747300000, 0x0000000747300000, 0x0000000747400000|  0%| F|  |TAMS 0x0000000747300000, 0x0000000747300000| Untracked 
|  14|0x0000000747400000, 0x0000000747400000, 0x0000000747500000|  0%| F|  |TAMS 0x0000000747400000, 0x0000000747400000| Untracked 
|  15|0x0000000747500000, 0x0000000747500000, 0x0000000747600000|  0%| F|  |TAMS 0x0000000747500000, 0x0000000747500000| Untracked 
|  16|0x0000000747600000, 0x0000000747600000, 0x0000000747700000|  0%| F|  |TAMS 0x0000000747600000, 0x0000000747600000| Untracked 
|  17|0x0000000747700000, 0x0000000747700000, 0x0000000747800000|  0%| F|  |TAMS 0x0000000747700000, 0x0000000747700000| Untracked 
|  18|0x0000000747800000, 0x0000000747800000, 0x0000000747900000|  0%| F|  |TAMS 0x0000000747800000, 0x0000000747800000| Untracked 
|  19|0x0000000747900000, 0x0000000747900000, 0x0000000747a00000|  0%| F|  |TAMS 0x0000000747900000, 0x0000000747900000| Untracked 
|  20|0x0000000747a00000, 0x0000000747a00000, 0x0000000747b00000|  0%| F|  |TAMS 0x0000000747a00000, 0x0000000747a00000| Untracked 
|  21|0x0000000747b00000, 0x0000000747b00000, 0x0000000747c00000|  0%| F|  |TAMS 0x0000000747b00000, 0x0000000747b00000| Untracked 
|  22|0x0000000747c00000, 0x0000000747c00000, 0x0000000747d00000|  0%| F|  |TAMS 0x0000000747c00000, 0x0000000747c00000| Untracked 
|  23|0x0000000747d00000, 0x0000000747d00000, 0x0000000747e00000|  0%| F|  |TAMS 0x0000000747d00000, 0x0000000747d00000| Untracked 
|  24|0x0000000747e00000, 0x0000000747e00000, 0x0000000747f00000|  0%| F|  |TAMS 0x0000000747e00000, 0x0000000747e00000| Untracked 
|  25|0x0000000747f00000, 0x0000000747f00000, 0x0000000748000000|  0%| F|  |TAMS 0x0000000747f00000, 0x0000000747f00000| Untracked 
|  26|0x0000000748000000, 0x0000000748000000, 0x0000000748100000|  0%| F|  |TAMS 0x0000000748000000, 0x0000000748000000| Untracked 
|  27|0x0000000748100000, 0x0000000748100000, 0x0000000748200000|  0%| F|  |TAMS 0x0000000748100000, 0x0000000748100000| Untracked 
|  28|0x0000000748200000, 0x0000000748200000, 0x0000000748300000|  0%| F|  |TAMS 0x0000000748200000, 0x0000000748200000| Untracked 
|  29|0x0000000748300000, 0x0000000748300000, 0x0000000748400000|  0%| F|  |TAMS 0x0000000748300000, 0x0000000748300000| Untracked 
|  30|0x0000000748400000, 0x0000000748400000, 0x0000000748500000|  0%| F|  |TAMS 0x0000000748400000, 0x0000000748400000| Untracked 
|  31|0x0000000748500000, 0x0000000748500000, 0x0000000748600000|  0%| F|  |TAMS 0x0000000748500000, 0x0000000748500000| Untracked 
|  32|0x0000000748600000, 0x0000000748600000, 0x0000000748700000|  0%| F|  |TAMS 0x0000000748600000, 0x0000000748600000| Untracked 
|  33|0x0000000748700000, 0x0000000748700000, 0x0000000748800000|  0%| F|  |TAMS 0x0000000748700000, 0x0000000748700000| Untracked 
|  34|0x0000000748800000, 0x0000000748800000, 0x0000000748900000|  0%| F|  |TAMS 0x0000000748800000, 0x0000000748800000| Untracked 
|  35|0x0000000748900000, 0x0000000748900000, 0x0000000748a00000|  0%| F|  |TAMS 0x0000000748900000, 0x0000000748900000| Untracked 
|  36|0x0000000748a00000, 0x0000000748a00000, 0x0000000748b00000|  0%| F|  |TAMS 0x0000000748a00000, 0x0000000748a00000| Untracked 
|  37|0x0000000748b00000, 0x0000000748b00000, 0x0000000748c00000|  0%| F|  |TAMS 0x0000000748b00000, 0x0000000748b00000| Untracked 
|  38|0x0000000748c00000, 0x0000000748c00000, 0x0000000748d00000|  0%| F|  |TAMS 0x0000000748c00000, 0x0000000748c00000| Untracked 
|  39|0x0000000748d00000, 0x0000000748d00000, 0x0000000748e00000|  0%| F|  |TAMS 0x0000000748d00000, 0x0000000748d00000| Untracked 
|  40|0x0000000748e00000, 0x0000000748e00000, 0x0000000748f00000|  0%| F|  |TAMS 0x0000000748e00000, 0x0000000748e00000| Untracked 
|  41|0x0000000748f00000, 0x0000000748f00000, 0x0000000749000000|  0%| F|  |TAMS 0x0000000748f00000, 0x0000000748f00000| Untracked 
|  42|0x0000000749000000, 0x0000000749000000, 0x0000000749100000|  0%| F|  |TAMS 0x0000000749000000, 0x0000000749000000| Untracked 
|  43|0x0000000749100000, 0x0000000749100000, 0x0000000749200000|  0%| F|  |TAMS 0x0000000749100000, 0x0000000749100000| Untracked 
|  44|0x0000000749200000, 0x0000000749200000, 0x0000000749300000|  0%| F|  |TAMS 0x0000000749200000, 0x0000000749200000| Untracked 
|  45|0x0000000749300000, 0x0000000749300000, 0x0000000749400000|  0%| F|  |TAMS 0x0000000749300000, 0x0000000749300000| Untracked 
|  46|0x0000000749400000, 0x0000000749400000, 0x0000000749500000|  0%| F|  |TAMS 0x0000000749400000, 0x0000000749400000| Untracked 
|  47|0x0000000749500000, 0x0000000749500000, 0x0000000749600000|  0%| F|  |TAMS 0x0000000749500000, 0x0000000749500000| Untracked 
|  48|0x0000000749600000, 0x0000000749600000, 0x0000000749700000|  0%| F|  |TAMS 0x0000000749600000, 0x0000000749600000| Untracked 
|  49|0x0000000749700000, 0x0000000749700000, 0x0000000749800000|  0%| F|  |TAMS 0x0000000749700000, 0x0000000749700000| Untracked 
|  50|0x0000000749800000, 0x0000000749800000, 0x0000000749900000|  0%| F|  |TAMS 0x0000000749800000, 0x0000000749800000| Untracked 
|  51|0x0000000749900000, 0x0000000749900000, 0x0000000749a00000|  0%| F|  |TAMS 0x0000000749900000, 0x0000000749900000| Untracked 
|  52|0x0000000749a00000, 0x0000000749a00000, 0x0000000749b00000|  0%| F|  |TAMS 0x0000000749a00000, 0x0000000749a00000| Untracked 
|  53|0x0000000749b00000, 0x0000000749b00000, 0x0000000749c00000|  0%| F|  |TAMS 0x0000000749b00000, 0x0000000749b00000| Untracked 
|  54|0x0000000749c00000, 0x0000000749c00000, 0x0000000749d00000|  0%| F|  |TAMS 0x0000000749c00000, 0x0000000749c00000| Untracked 
|  55|0x0000000749d00000, 0x0000000749d00000, 0x0000000749e00000|  0%| F|  |TAMS 0x0000000749d00000, 0x0000000749d00000| Untracked 
|  56|0x0000000749e00000, 0x0000000749e00000, 0x0000000749f00000|  0%| F|  |TAMS 0x0000000749e00000, 0x0000000749e00000| Untracked 
|  57|0x0000000749f00000, 0x0000000749f00000, 0x000000074a000000|  0%| F|  |TAMS 0x0000000749f00000, 0x0000000749f00000| Untracked 
|  58|0x000000074a000000, 0x000000074a000000, 0x000000074a100000|  0%| F|  |TAMS 0x000000074a000000, 0x000000074a000000| Untracked 
|  59|0x000000074a100000, 0x000000074a100000, 0x000000074a200000|  0%| F|  |TAMS 0x000000074a100000, 0x000000074a100000| Untracked 
|  60|0x000000074a200000, 0x000000074a200000, 0x000000074a300000|  0%| F|  |TAMS 0x000000074a200000, 0x000000074a200000| Untracked 
|  61|0x000000074a300000, 0x000000074a300000, 0x000000074a400000|  0%| F|  |TAMS 0x000000074a300000, 0x000000074a300000| Untracked 
|  62|0x000000074a400000, 0x000000074a400000, 0x000000074a500000|  0%| F|  |TAMS 0x000000074a400000, 0x000000074a400000| Untracked 
|  63|0x000000074a500000, 0x000000074a500000, 0x000000074a600000|  0%| F|  |TAMS 0x000000074a500000, 0x000000074a500000| Untracked 
|  64|0x000000074a600000, 0x000000074a600000, 0x000000074a700000|  0%| F|  |TAMS 0x000000074a600000, 0x000000074a600000| Untracked 
|  65|0x000000074a700000, 0x000000074a700000, 0x000000074a800000|  0%| F|  |TAMS 0x000000074a700000, 0x000000074a700000| Untracked 
|  66|0x000000074a800000, 0x000000074a800000, 0x000000074a900000|  0%| F|  |TAMS 0x000000074a800000, 0x000000074a800000| Untracked 
|  67|0x000000074a900000, 0x000000074a900000, 0x000000074aa00000|  0%| F|  |TAMS 0x000000074a900000, 0x000000074a900000| Untracked 
|  68|0x000000074aa00000, 0x000000074aa00000, 0x000000074ab00000|  0%| F|  |TAMS 0x000000074aa00000, 0x000000074aa00000| Untracked 
|  69|0x000000074ab00000, 0x000000074ab00000, 0x000000074ac00000|  0%| F|  |TAMS 0x000000074ab00000, 0x000000074ab00000| Untracked 
|  70|0x000000074ac00000, 0x000000074ac00000, 0x000000074ad00000|  0%| F|  |TAMS 0x000000074ac00000, 0x000000074ac00000| Untracked 
|  71|0x000000074ad00000, 0x000000074ad00000, 0x000000074ae00000|  0%| F|  |TAMS 0x000000074ad00000, 0x000000074ad00000| Untracked 
|  72|0x000000074ae00000, 0x000000074ae00000, 0x000000074af00000|  0%| F|  |TAMS 0x000000074ae00000, 0x000000074ae00000| Untracked 
|  73|0x000000074af00000, 0x000000074af00000, 0x000000074b000000|  0%| F|  |TAMS 0x000000074af00000, 0x000000074af00000| Untracked 
|  74|0x000000074b000000, 0x000000074b000000, 0x000000074b100000|  0%| F|  |TAMS 0x000000074b000000, 0x000000074b000000| Untracked 
|  75|0x000000074b100000, 0x000000074b100000, 0x000000074b200000|  0%| F|  |TAMS 0x000000074b100000, 0x000000074b100000| Untracked 
|  76|0x000000074b200000, 0x000000074b200000, 0x000000074b300000|  0%| F|  |TAMS 0x000000074b200000, 0x000000074b200000| Untracked 
|  77|0x000000074b300000, 0x000000074b300000, 0x000000074b400000|  0%| F|  |TAMS 0x000000074b300000, 0x000000074b300000| Untracked 
|  78|0x000000074b400000, 0x000000074b400000, 0x000000074b500000|  0%| F|  |TAMS 0x000000074b400000, 0x000000074b400000| Untracked 
|  79|0x000000074b500000, 0x000000074b500000, 0x000000074b600000|  0%| F|  |TAMS 0x000000074b500000, 0x000000074b500000| Untracked 
|  80|0x000000074b600000, 0x000000074b600000, 0x000000074b700000|  0%| F|  |TAMS 0x000000074b600000, 0x000000074b600000| Untracked 
|  81|0x000000074b700000, 0x000000074b700000, 0x000000074b800000|  0%| F|  |TAMS 0x000000074b700000, 0x000000074b700000| Untracked 
|  82|0x000000074b800000, 0x000000074b800000, 0x000000074b900000|  0%| F|  |TAMS 0x000000074b800000, 0x000000074b800000| Untracked 
|  83|0x000000074b900000, 0x000000074b900000, 0x000000074ba00000|  0%| F|  |TAMS 0x000000074b900000, 0x000000074b900000| Untracked 
|  84|0x000000074ba00000, 0x000000074ba00000, 0x000000074bb00000|  0%| F|  |TAMS 0x000000074ba00000, 0x000000074ba00000| Untracked 
|  85|0x000000074bb00000, 0x000000074bb00000, 0x000000074bc00000|  0%| F|  |TAMS 0x000000074bb00000, 0x000000074bb00000| Untracked 
|  86|0x000000074bc00000, 0x000000074bc00000, 0x000000074bd00000|  0%| F|  |TAMS 0x000000074bc00000, 0x000000074bc00000| Untracked 
|  87|0x000000074bd00000, 0x000000074bd00000, 0x000000074be00000|  0%| F|  |TAMS 0x000000074bd00000, 0x000000074bd00000| Untracked 
|  88|0x000000074be00000, 0x000000074be00000, 0x000000074bf00000|  0%| F|  |TAMS 0x000000074be00000, 0x000000074be00000| Untracked 
|  89|0x000000074bf00000, 0x000000074bf00000, 0x000000074c000000|  0%| F|  |TAMS 0x000000074bf00000, 0x000000074bf00000| Untracked 
|  90|0x000000074c000000, 0x000000074c000000, 0x000000074c100000|  0%| F|  |TAMS 0x000000074c000000, 0x000000074c000000| Untracked 
|  91|0x000000074c100000, 0x000000074c100000, 0x000000074c200000|  0%| F|  |TAMS 0x000000074c100000, 0x000000074c100000| Untracked 
|  92|0x000000074c200000, 0x000000074c200000, 0x000000074c300000|  0%| F|  |TAMS 0x000000074c200000, 0x000000074c200000| Untracked 
|  93|0x000000074c300000, 0x000000074c300000, 0x000000074c400000|  0%| F|  |TAMS 0x000000074c300000, 0x000000074c300000| Untracked 
|  94|0x000000074c400000, 0x000000074c400000, 0x000000074c500000|  0%| F|  |TAMS 0x000000074c400000, 0x000000074c400000| Untracked 
|  95|0x000000074c500000, 0x000000074c500000, 0x000000074c600000|  0%| F|  |TAMS 0x000000074c500000, 0x000000074c500000| Untracked 
|  96|0x000000074c600000, 0x000000074c600000, 0x000000074c700000|  0%| F|  |TAMS 0x000000074c600000, 0x000000074c600000| Untracked 
|  97|0x000000074c700000, 0x000000074c700000, 0x000000074c800000|  0%| F|  |TAMS 0x000000074c700000, 0x000000074c700000| Untracked 
|  98|0x000000074c800000, 0x000000074c800000, 0x000000074c900000|  0%| F|  |TAMS 0x000000074c800000, 0x000000074c800000| Untracked 
|  99|0x000000074c900000, 0x000000074c900000, 0x000000074ca00000|  0%| F|  |TAMS 0x000000074c900000, 0x000000074c900000| Untracked 
| 100|0x000000074ca00000, 0x000000074ca00000, 0x000000074cb00000|  0%| F|  |TAMS 0x000000074ca00000, 0x000000074ca00000| Untracked 
| 101|0x000000074cb00000, 0x000000074cb00000, 0x000000074cc00000|  0%| F|  |TAMS 0x000000074cb00000, 0x000000074cb00000| Untracked 
| 102|0x000000074cc00000, 0x000000074cc00000, 0x000000074cd00000|  0%| F|  |TAMS 0x000000074cc00000, 0x000000074cc00000| Untracked 
| 103|0x000000074cd00000, 0x000000074cd00000, 0x000000074ce00000|  0%| F|  |TAMS 0x000000074cd00000, 0x000000074cd00000| Untracked 
| 104|0x000000074ce00000, 0x000000074ce00000, 0x000000074cf00000|  0%| F|  |TAMS 0x000000074ce00000, 0x000000074ce00000| Untracked 
| 105|0x000000074cf00000, 0x000000074cf00000, 0x000000074d000000|  0%| F|  |TAMS 0x000000074cf00000, 0x000000074cf00000| Untracked 
| 106|0x000000074d000000, 0x000000074d000000, 0x000000074d100000|  0%| F|  |TAMS 0x000000074d000000, 0x000000074d000000| Untracked 
| 107|0x000000074d100000, 0x000000074d100000, 0x000000074d200000|  0%| F|  |TAMS 0x000000074d100000, 0x000000074d100000| Untracked 
| 108|0x000000074d200000, 0x000000074d200000, 0x000000074d300000|  0%| F|  |TAMS 0x000000074d200000, 0x000000074d200000| Untracked 
| 109|0x000000074d300000, 0x000000074d300000, 0x000000074d400000|  0%| F|  |TAMS 0x000000074d300000, 0x000000074d300000| Untracked 
| 110|0x000000074d400000, 0x000000074d400000, 0x000000074d500000|  0%| F|  |TAMS 0x000000074d400000, 0x000000074d400000| Untracked 
| 111|0x000000074d500000, 0x000000074d500000, 0x000000074d600000|  0%| F|  |TAMS 0x000000074d500000, 0x000000074d500000| Untracked 
| 112|0x000000074d600000, 0x000000074d600000, 0x000000074d700000|  0%| F|  |TAMS 0x000000074d600000, 0x000000074d600000| Untracked 
| 113|0x000000074d700000, 0x000000074d700000, 0x000000074d800000|  0%| F|  |TAMS 0x000000074d700000, 0x000000074d700000| Untracked 
| 114|0x000000074d800000, 0x000000074d800000, 0x000000074d900000|  0%| F|  |TAMS 0x000000074d800000, 0x000000074d800000| Untracked 
| 115|0x000000074d900000, 0x000000074d900000, 0x000000074da00000|  0%| F|  |TAMS 0x000000074d900000, 0x000000074d900000| Untracked 
| 116|0x000000074da00000, 0x000000074da00000, 0x000000074db00000|  0%| F|  |TAMS 0x000000074da00000, 0x000000074da00000| Untracked 
| 117|0x000000074db00000, 0x000000074db00000, 0x000000074dc00000|  0%| F|  |TAMS 0x000000074db00000, 0x000000074db00000| Untracked 
| 118|0x000000074dc00000, 0x000000074dc00000, 0x000000074dd00000|  0%| F|  |TAMS 0x000000074dc00000, 0x000000074dc00000| Untracked 
| 119|0x000000074dd00000, 0x000000074dd00000, 0x000000074de00000|  0%| F|  |TAMS 0x000000074dd00000, 0x000000074dd00000| Untracked 
| 120|0x000000074de00000, 0x000000074de00000, 0x000000074df00000|  0%| F|  |TAMS 0x000000074de00000, 0x000000074de00000| Untracked 
| 121|0x000000074df00000, 0x000000074df00000, 0x000000074e000000|  0%| F|  |TAMS 0x000000074df00000, 0x000000074df00000| Untracked 
| 122|0x000000074e000000, 0x000000074e000000, 0x000000074e100000|  0%| F|  |TAMS 0x000000074e000000, 0x000000074e000000| Untracked 
| 123|0x000000074e100000, 0x000000074e100000, 0x000000074e200000|  0%| F|  |TAMS 0x000000074e100000, 0x000000074e100000| Untracked 
| 124|0x000000074e200000, 0x000000074e200000, 0x000000074e300000|  0%| F|  |TAMS 0x000000074e200000, 0x000000074e200000| Untracked 
| 125|0x000000074e300000, 0x000000074e300000, 0x000000074e400000|  0%| F|  |TAMS 0x000000074e300000, 0x000000074e300000| Untracked 
| 126|0x000000074e400000, 0x000000074e400000, 0x000000074e500000|  0%| F|  |TAMS 0x000000074e400000, 0x000000074e400000| Untracked 
| 127|0x000000074e500000, 0x000000074e500000, 0x000000074e600000|  0%| F|  |TAMS 0x000000074e500000, 0x000000074e500000| Untracked 
| 128|0x000000074e600000, 0x000000074e600000, 0x000000074e700000|  0%| F|  |TAMS 0x000000074e600000, 0x000000074e600000| Untracked 
| 129|0x000000074e700000, 0x000000074e700000, 0x000000074e800000|  0%| F|  |TAMS 0x000000074e700000, 0x000000074e700000| Untracked 
| 130|0x000000074e800000, 0x000000074e800000, 0x000000074e900000|  0%| F|  |TAMS 0x000000074e800000, 0x000000074e800000| Untracked 
| 131|0x000000074e900000, 0x000000074e900000, 0x000000074ea00000|  0%| F|  |TAMS 0x000000074e900000, 0x000000074e900000| Untracked 
| 132|0x000000074ea00000, 0x000000074ea00000, 0x000000074eb00000|  0%| F|  |TAMS 0x000000074ea00000, 0x000000074ea00000| Untracked 
| 133|0x000000074eb00000, 0x000000074eb00000, 0x000000074ec00000|  0%| F|  |TAMS 0x000000074eb00000, 0x000000074eb00000| Untracked 
| 134|0x000000074ec00000, 0x000000074ec00000, 0x000000074ed00000|  0%| F|  |TAMS 0x000000074ec00000, 0x000000074ec00000| Untracked 
| 135|0x000000074ed00000, 0x000000074ed00000, 0x000000074ee00000|  0%| F|  |TAMS 0x000000074ed00000, 0x000000074ed00000| Untracked 
| 136|0x000000074ee00000, 0x000000074ee00000, 0x000000074ef00000|  0%| F|  |TAMS 0x000000074ee00000, 0x000000074ee00000| Untracked 
| 137|0x000000074ef00000, 0x000000074ef00000, 0x000000074f000000|  0%| F|  |TAMS 0x000000074ef00000, 0x000000074ef00000| Untracked 
| 138|0x000000074f000000, 0x000000074f000000, 0x000000074f100000|  0%| F|  |TAMS 0x000000074f000000, 0x000000074f000000| Untracked 
| 139|0x000000074f100000, 0x000000074f100000, 0x000000074f200000|  0%| F|  |TAMS 0x000000074f100000, 0x000000074f100000| Untracked 
| 140|0x000000074f200000, 0x000000074f200000, 0x000000074f300000|  0%| F|  |TAMS 0x000000074f200000, 0x000000074f200000| Untracked 
| 141|0x000000074f300000, 0x000000074f300000, 0x000000074f400000|  0%| F|  |TAMS 0x000000074f300000, 0x000000074f300000| Untracked 
| 142|0x000000074f400000, 0x000000074f400000, 0x000000074f500000|  0%| F|  |TAMS 0x000000074f400000, 0x000000074f400000| Untracked 
| 143|0x000000074f500000, 0x000000074f500000, 0x000000074f600000|  0%| F|  |TAMS 0x000000074f500000, 0x000000074f500000| Untracked 
| 144|0x000000074f600000, 0x000000074f600000, 0x000000074f700000|  0%| F|  |TAMS 0x000000074f600000, 0x000000074f600000| Untracked 
| 145|0x000000074f700000, 0x000000074f700000, 0x000000074f800000|  0%| F|  |TAMS 0x000000074f700000, 0x000000074f700000| Untracked 
| 146|0x000000074f800000, 0x000000074f800000, 0x000000074f900000|  0%| F|  |TAMS 0x000000074f800000, 0x000000074f800000| Untracked 
| 147|0x000000074f900000, 0x000000074f900000, 0x000000074fa00000|  0%| F|  |TAMS 0x000000074f900000, 0x000000074f900000| Untracked 
| 148|0x000000074fa00000, 0x000000074fa00000, 0x000000074fb00000|  0%| F|  |TAMS 0x000000074fa00000, 0x000000074fa00000| Untracked 
| 149|0x000000074fb00000, 0x000000074fb00000, 0x000000074fc00000|  0%| F|  |TAMS 0x000000074fb00000, 0x000000074fb00000| Untracked 
| 150|0x000000074fc00000, 0x000000074fc00000, 0x000000074fd00000|  0%| F|  |TAMS 0x000000074fc00000, 0x000000074fc00000| Untracked 
| 151|0x000000074fd00000, 0x000000074fd00000, 0x000000074fe00000|  0%| F|  |TAMS 0x000000074fd00000, 0x000000074fd00000| Untracked 
| 152|0x000000074fe00000, 0x000000074fe00000, 0x000000074ff00000|  0%| F|  |TAMS 0x000000074fe00000, 0x000000074fe00000| Untracked 
| 153|0x000000074ff00000, 0x000000074ff00000, 0x0000000750000000|  0%| F|  |TAMS 0x000000074ff00000, 0x000000074ff00000| Untracked 
| 154|0x0000000750000000, 0x0000000750000000, 0x0000000750100000|  0%| F|  |TAMS 0x0000000750000000, 0x0000000750000000| Untracked 
| 155|0x0000000750100000, 0x0000000750100000, 0x0000000750200000|  0%| F|  |TAMS 0x0000000750100000, 0x0000000750100000| Untracked 
| 156|0x0000000750200000, 0x0000000750200000, 0x0000000750300000|  0%| F|  |TAMS 0x0000000750200000, 0x0000000750200000| Untracked 
| 157|0x0000000750300000, 0x0000000750300000, 0x0000000750400000|  0%| F|  |TAMS 0x0000000750300000, 0x0000000750300000| Untracked 
| 158|0x0000000750400000, 0x0000000750400000, 0x0000000750500000|  0%| F|  |TAMS 0x0000000750400000, 0x0000000750400000| Untracked 
| 159|0x0000000750500000, 0x0000000750500000, 0x0000000750600000|  0%| F|  |TAMS 0x0000000750500000, 0x0000000750500000| Untracked 
| 160|0x0000000750600000, 0x0000000750600000, 0x0000000750700000|  0%| F|  |TAMS 0x0000000750600000, 0x0000000750600000| Untracked 
| 161|0x0000000750700000, 0x0000000750700000, 0x0000000750800000|  0%| F|  |TAMS 0x0000000750700000, 0x0000000750700000| Untracked 
| 162|0x0000000750800000, 0x0000000750800000, 0x0000000750900000|  0%| F|  |TAMS 0x0000000750800000, 0x0000000750800000| Untracked 
| 163|0x0000000750900000, 0x0000000750900000, 0x0000000750a00000|  0%| F|  |TAMS 0x0000000750900000, 0x0000000750900000| Untracked 
| 164|0x0000000750a00000, 0x0000000750a00000, 0x0000000750b00000|  0%| F|  |TAMS 0x0000000750a00000, 0x0000000750a00000| Untracked 
| 165|0x0000000750b00000, 0x0000000750b00000, 0x0000000750c00000|  0%| F|  |TAMS 0x0000000750b00000, 0x0000000750b00000| Untracked 
| 166|0x0000000750c00000, 0x0000000750c00000, 0x0000000750d00000|  0%| F|  |TAMS 0x0000000750c00000, 0x0000000750c00000| Untracked 
| 167|0x0000000750d00000, 0x0000000750d00000, 0x0000000750e00000|  0%| F|  |TAMS 0x0000000750d00000, 0x0000000750d00000| Untracked 
| 168|0x0000000750e00000, 0x0000000750e00000, 0x0000000750f00000|  0%| F|  |TAMS 0x0000000750e00000, 0x0000000750e00000| Untracked 
| 169|0x0000000750f00000, 0x0000000750f00000, 0x0000000751000000|  0%| F|  |TAMS 0x0000000750f00000, 0x0000000750f00000| Untracked 
| 170|0x0000000751000000, 0x0000000751000000, 0x0000000751100000|  0%| F|  |TAMS 0x0000000751000000, 0x0000000751000000| Untracked 
| 171|0x0000000751100000, 0x0000000751100000, 0x0000000751200000|  0%| F|  |TAMS 0x0000000751100000, 0x0000000751100000| Untracked 
| 172|0x0000000751200000, 0x0000000751200000, 0x0000000751300000|  0%| F|  |TAMS 0x0000000751200000, 0x0000000751200000| Untracked 
| 173|0x0000000751300000, 0x0000000751300000, 0x0000000751400000|  0%| F|  |TAMS 0x0000000751300000, 0x0000000751300000| Untracked 
| 174|0x0000000751400000, 0x0000000751400000, 0x0000000751500000|  0%| F|  |TAMS 0x0000000751400000, 0x0000000751400000| Untracked 
| 175|0x0000000751500000, 0x0000000751500000, 0x0000000751600000|  0%| F|  |TAMS 0x0000000751500000, 0x0000000751500000| Untracked 
| 176|0x0000000751600000, 0x0000000751600000, 0x0000000751700000|  0%| F|  |TAMS 0x0000000751600000, 0x0000000751600000| Untracked 
| 177|0x0000000751700000, 0x0000000751700000, 0x0000000751800000|  0%| F|  |TAMS 0x0000000751700000, 0x0000000751700000| Untracked 
| 178|0x0000000751800000, 0x0000000751800000, 0x0000000751900000|  0%| F|  |TAMS 0x0000000751800000, 0x0000000751800000| Untracked 
| 179|0x0000000751900000, 0x0000000751900000, 0x0000000751a00000|  0%| F|  |TAMS 0x0000000751900000, 0x0000000751900000| Untracked 
| 180|0x0000000751a00000, 0x0000000751a00000, 0x0000000751b00000|  0%| F|  |TAMS 0x0000000751a00000, 0x0000000751a00000| Untracked 
| 181|0x0000000751b00000, 0x0000000751b48308, 0x0000000751c00000| 28%| E|  |TAMS 0x0000000751b00000, 0x0000000751b00000| Complete 
| 182|0x0000000751c00000, 0x0000000751d00000, 0x0000000751d00000|100%| E|CS|TAMS 0x0000000751c00000, 0x0000000751c00000| Complete 
| 183|0x0000000751d00000, 0x0000000751dffeb0, 0x0000000751e00000| 99%| E|  |TAMS 0x0000000751d00000, 0x0000000751d00000| Complete 
| 184|0x0000000751e00000, 0x0000000751f00000, 0x0000000751f00000|100%| E|CS|TAMS 0x0000000751e00000, 0x0000000751e00000| Complete 
| 185|0x0000000751f00000, 0x0000000752000000, 0x0000000752000000|100%| E|CS|TAMS 0x0000000751f00000, 0x0000000751f00000| Complete 

Card table byte_map: [0x00007f16359d3000,0x00007f1635fa0000] _byte_map_base: 0x00007f1631fa0000

Marking Bits (Prev, Next): (CMBitMap*) 0x00007f16300694f8, (CMBitMap*) 0x00007f1630069530
 Prev Bits: [0x00007f1615198000, 0x00007f1618000000)
 Next Bits: [0x00007f1612330000, 0x00007f1615198000)

Polling page: 0x00007f1638e5e000

Metaspace:

Usage:
  Non-class:      5.55 MB capacity,     5.49 MB ( 99%) used,    62.62 KB (  1%) free+waste,     3.50 KB ( <1%) overhead. 
      Class:    574.00 KB capacity,   536.79 KB ( 94%) used,    35.46 KB (  6%) free+waste,     1.75 KB ( <1%) overhead. 
       Both:      6.11 MB capacity,     6.01 MB ( 98%) used,    98.08 KB (  2%) free+waste,     5.25 KB ( <1%) overhead. 

Virtual space:
  Non-class space:        8.00 MB reserved,       5.75 MB ( 72%) committed 
      Class space:        1.00 GB reserved,     640.00 KB ( <1%) committed 
             Both:        1.01 GB reserved,       6.38 MB ( <1%) committed 

Chunk freelists:
   Non-Class:  53.00 KB
       Class:  2.00 KB
        Both:  55.00 KB

MaxMetaspaceSize: unlimited
CompressedClassSpaceSize: 1.00 GB

CodeHeap 'non-profiled nmethods': size=120032Kb used=58Kb max_used=58Kb free=119973Kb
 bounds [0x00007f1624ffa000, 0x00007f162526a000, 0x00007f162c532000]
CodeHeap 'profiled nmethods': size=120032Kb used=321Kb max_used=321Kb free=119710Kb
 bounds [0x00007f161dac2000, 0x00007f161dd32000, 0x00007f1624ffa000]
CodeHeap 'non-nmethods': size=5696Kb used=1041Kb max_used=1053Kb free=4654Kb
 bounds [0x00007f161d532000, 0x00007f161d7a2000, 0x00007f161dac2000]
 total_blobs=578 nmethods=241 adapters=250
 compilation: enabled
              stopped_count=0, restarted_count=0
 full_count=0

Compilation events (20 events):
Event: 0.195 Thread 0x00007f16301b7800  231       3       java.util.jar.Manifest$FastInputStream::readLine (9 bytes)
Event: 0.195 Thread 0x00007f16301b7800 nmethod 231 0x00007f161db0da10 code [0x00007f161db0dbc0, 0x00007f161db0dd00]
Event: 0.195 Thread 0x00007f16301b7800  232       3       java.util.jar.Manifest$FastInputStream::peek (38 bytes)
Event: 0.195 Thread 0x00007f16301b7800 nmethod 232 0x00007f161db0de10 code [0x00007f161db0dfe0, 0x00007f161db0e1e0]
Event: 0.195 Thread 0x00007f16301b7800  234       3       java.lang.String::checkBoundsOffCount (61 bytes)
Event: 0.195 Thread 0x00007f16301b7800 nmethod 234 0x00007f161db0e310 code [0x00007f161db0e5c0, 0x00007f161db0f0d0]
Event: 0.195 Thread 0x00007f16301b7800  235       3       java.util.Arrays::copyOf (19 bytes)
Event: 0.195 Thread 0x00007f16301b7800 nmethod 235 0x00007f161db0f510 code [0x00007f161db0f6e0, 0x00007f161db0f9c0]
Event: 0.196 Thread 0x00007f16301b7800  236       3       java.lang.Character::toLowerCase (9 bytes)
Event: 0.196 Thread 0x00007f16301b7800 nmethod 236 0x00007f161db0fb10 code [0x00007f161db0fce0, 0x00007f161db0feb0]
Event: 0.196 Thread 0x00007f16301b7800  237       3       java.lang.CharacterDataLatin1::toLowerCase (39 bytes)
Event: 0.196 Thread 0x00007f16301b7800 nmethod 237 0x00007f161db0ff90 code [0x00007f161db10160, 0x00007f161db10390]
Event: 0.196 Thread 0x00007f16301b7800  238       3       java.lang.String::substring (58 bytes)
Event: 0.196 Thread 0x00007f16301b7800 nmethod 238 0x00007f161db10490 code [0x00007f161db106c0, 0x00007f161db10d60]
Event: 0.196 Thread 0x00007f16301b7800  239       3       java.lang.String::checkBoundsBeginEnd (60 bytes)
Event: 0.197 Thread 0x00007f16301b7800 nmethod 239 0x00007f161db10f90 code [0x00007f161db11240, 0x00007f161db11d50]
Event: 0.197 Thread 0x00007f16301b7800  240       3       java.lang.String::lastIndexOf (29 bytes)
Event: 0.197 Thread 0x00007f16301b7800 nmethod 240 0x00007f161db12190 code [0x00007f161db12360, 0x00007f161db125f0]
Event: 0.197 Thread 0x00007f16301b7800  241       1       java.util.zip.Inflater$InflaterZStreamRef::address (5 bytes)
Event: 0.197 Thread 0x00007f16301b7800 nmethod 241 0x00007f1625008790 code [0x00007f1625008940, 0x00007f16250089f0]

GC Heap History (0 events):
No events

Deoptimization events (4 events):
Event: 0.125 Thread 0x00007f1630016800 Uncommon trap: trap_request=0xffffff4d fr.pc=0x00007f1624ffdc20 relative=0x0000000000000200
Event: 0.125 Thread 0x00007f1630016800 Uncommon trap: reason=unstable_if action=reinterpret pc=0x00007f1624ffdc20 method=java.lang.String.hashCode()I @ 14 c2
Event: 0.125 Thread 0x00007f1630016800 DEOPT PACKING pc=0x00007f1624ffdc20 sp=0x00007f1637630460
Event: 0.125 Thread 0x00007f1630016800 DEOPT UNPACKING pc=0x00007f161d558ba5 sp=0x00007f1637630418 mode 2

Classes redefined (0 events):
No events

Internal exceptions (0 events):
No events

Events (20 events):
Event: 0.193 loading class org/apache/xmlrpc/XmlRpcTransport
Event: 0.193 loading class org/apache/xmlrpc/XmlRpcTransport done
Event: 0.193 loading class org/apache/xmlrpc/util/HttpUtil
Event: 0.193 loading class org/apache/xmlrpc/util/HttpUtil done
Event: 0.193 loading class org/apache/commons/codec/EncoderException
Event: 0.193 loading class org/apache/commons/codec/EncoderException done
Event: 0.195 loading class org/apache/commons/codec/binary/Base64
Event: 0.195 loading class org/apache/commons/codec/binary/Base64 done
Event: 0.196 loading class org/apache/commons/codec/binary/BaseNCodec
Event: 0.196 loading class org/apache/commons/codec/binary/BaseNCodec done
Event: 0.196 loading class org/apache/commons/codec/BinaryEncoder
Event: 0.196 loading class org/apache/commons/codec/BinaryEncoder done
Event: 0.196 loading class org/apache/commons/codec/Encoder
Event: 0.196 loading class org/apache/commons/codec/Encoder done
Event: 0.196 loading class org/apache/commons/codec/BinaryDecoder
Event: 0.196 loading class org/apache/commons/codec/BinaryDecoder done
Event: 0.196 loading class org/apache/commons/codec/Decoder
Event: 0.196 loading class org/apache/commons/codec/Decoder done
Event: 0.197 loading class org/apache/commons/codec/DecoderException
Event: 0.197 loading class org/apache/commons/codec/DecoderException done


Dynamic libraries:
00400000-00401000 r-xp 00000000 07:00 62                                 /snap/android-studio/115/android-studio/jre/bin/java
00600000-00601000 r--p 00000000 07:00 62                                 /snap/android-studio/115/android-studio/jre/bin/java
00601000-00602000 rw-p 00001000 07:00 62                                 /snap/android-studio/115/android-studio/jre/bin/java
00ef4000-00f15000 rw-p 00000000 00:00 0                                  [heap]
746600000-752000000 rw-p 00000000 00:00 0 
752000000-800000000 ---p 00000000 00:00 0 
800000000-8000a0000 rw-p 00000000 00:00 0 
8000a0000-840000000 ---p 00000000 00:00 0 
7f15d4000000-7f15d4021000 rw-p 00000000 00:00 0 
7f15d4021000-7f15d8000000 ---p 00000000 00:00 0 
7f15dc000000-7f15dc021000 rw-p 00000000 00:00 0 
7f15dc021000-7f15e0000000 ---p 00000000 00:00 0 
7f15e0000000-7f15e0021000 rw-p 00000000 00:00 0 
7f15e0021000-7f15e4000000 ---p 00000000 00:00 0 
7f15e4000000-7f15e4088000 rw-p 00000000 00:00 0 
7f15e4088000-7f15e8000000 ---p 00000000 00:00 0 
7f15e8000000-7f15e8263000 rw-p 00000000 00:00 0 
7f15e8263000-7f15ec000000 ---p 00000000 00:00 0 
7f15ec000000-7f15ec021000 rw-p 00000000 00:00 0 
7f15ec021000-7f15f0000000 ---p 00000000 00:00 0 
7f15f0000000-7f15f0021000 rw-p 00000000 00:00 0 
7f15f0021000-7f15f4000000 ---p 00000000 00:00 0 
7f15f4000000-7f15f4021000 rw-p 00000000 00:00 0 
7f15f4021000-7f15f8000000 ---p 00000000 00:00 0 
7f15f8000000-7f15f8021000 rw-p 00000000 00:00 0 
7f15f8021000-7f15fc000000 ---p 00000000 00:00 0 
7f15fc000000-7f15fc021000 rw-p 00000000 00:00 0 
7f15fc021000-7f1600000000 ---p 00000000 00:00 0 
7f1600000000-7f1600021000 rw-p 00000000 00:00 0 
7f1600021000-7f1604000000 ---p 00000000 00:00 0 
7f1604000000-7f1604021000 rw-p 00000000 00:00 0 
7f1604021000-7f1608000000 ---p 00000000 00:00 0 
7f1608000000-7f1608021000 rw-p 00000000 00:00 0 
7f1608021000-7f160c000000 ---p 00000000 00:00 0 
7f160c000000-7f160c021000 rw-p 00000000 00:00 0 
7f160c021000-7f1610000000 ---p 00000000 00:00 0 
7f16100e8000-7f1612618000 rw-p 00000000 00:00 0 
7f1612618000-7f1615198000 ---p 00000000 00:00 0 
7f1615198000-7f1615480000 rw-p 00000000 00:00 0 
7f1615480000-7f1618000000 ---p 00000000 00:00 0 
7f1618000000-7f1618021000 rw-p 00000000 00:00 0 
7f1618021000-7f161c000000 ---p 00000000 00:00 0 
7f161c203000-7f161c33d000 rw-p 00000000 00:00 0 
7f161c33d000-7f161c351000 r-xp 00000000 07:00 456                        /snap/android-studio/115/android-studio/jre/lib/libnet.so
7f161c351000-7f161c550000 ---p 00014000 07:00 456                        /snap/android-studio/115/android-studio/jre/lib/libnet.so
7f161c550000-7f161c551000 r--p 00013000 07:00 456                        /snap/android-studio/115/android-studio/jre/lib/libnet.so
7f161c551000-7f161c552000 rw-p 00014000 07:00 456                        /snap/android-studio/115/android-studio/jre/lib/libnet.so
7f161c552000-7f161c561000 r-xp 00000000 07:00 457                        /snap/android-studio/115/android-studio/jre/lib/libnio.so
7f161c561000-7f161c760000 ---p 0000f000 07:00 457                        /snap/android-studio/115/android-studio/jre/lib/libnio.so
7f161c760000-7f161c761000 r--p 0000e000 07:00 457                        /snap/android-studio/115/android-studio/jre/lib/libnio.so
7f161c761000-7f161c762000 rw-p 0000f000 07:00 457                        /snap/android-studio/115/android-studio/jre/lib/libnio.so
7f161c762000-7f161c766000 ---p 00000000 00:00 0 
7f161c766000-7f161c863000 rw-p 00000000 00:00 0 
7f161c863000-7f161c864000 ---p 00000000 00:00 0 
7f161c864000-7f161c965000 rw-p 00000000 00:00 0 
7f161c965000-7f161c969000 ---p 00000000 00:00 0 
7f161c969000-7f161ca66000 rw-p 00000000 00:00 0 
7f161ca66000-7f161ca6a000 ---p 00000000 00:00 0 
7f161ca6a000-7f161cb67000 rw-p 00000000 00:00 0 
7f161cb67000-7f161cb6b000 ---p 00000000 00:00 0 
7f161cb6b000-7f161cc68000 rw-p 00000000 00:00 0 
7f161cc68000-7f161cc6c000 ---p 00000000 00:00 0 
7f161cc6c000-7f161cd69000 rw-p 00000000 00:00 0 
7f161cd69000-7f161cd6d000 ---p 00000000 00:00 0 
7f161cd6d000-7f161ce6a000 rw-p 00000000 00:00 0 
7f161ce6a000-7f161d431000 r--p 00000000 08:05 5379117                    /usr/lib/locale/locale-archive
7f161d431000-7f161d435000 ---p 00000000 00:00 0 
7f161d435000-7f161d532000 rw-p 00000000 00:00 0 
7f161d532000-7f161d7a2000 rwxp 00000000 00:00 0 
7f161d7a2000-7f161dac2000 ---p 00000000 00:00 0 
7f161dac2000-7f161dd32000 rwxp 00000000 00:00 0 
7f161dd32000-7f1624ffa000 ---p 00000000 00:00 0 
7f1624ffa000-7f162526a000 rwxp 00000000 00:00 0 
7f162526a000-7f162c532000 ---p 00000000 00:00 0 
7f162c532000-7f1630000000 r--s 00000000 07:00 467                        /snap/android-studio/115/android-studio/jre/lib/modules
7f1630000000-7f163032d000 rw-p 00000000 00:00 0 
7f163032d000-7f1634000000 ---p 00000000 00:00 0 
7f163401d000-7f163404e000 rw-p 00000000 00:00 0 
7f163404e000-7f1634052000 ---p 00000000 00:00 0 
7f1634052000-7f163414f000 rw-p 00000000 00:00 0 
7f163414f000-7f1634150000 ---p 00000000 00:00 0 
7f1634150000-7f1634915000 rw-p 00000000 00:00 0 
7f1634915000-7f1634b55000 ---p 00000000 00:00 0 
7f1634b55000-7f1634b97000 rw-p 00000000 00:00 0 
7f1634b97000-7f1634b98000 ---p 00000000 00:00 0 
7f1634b98000-7f1634c99000 rw-p 00000000 00:00 0 
7f1634c99000-7f1634c9a000 ---p 00000000 00:00 0 
7f1634c9a000-7f163519f000 rw-p 00000000 00:00 0 
7f163519f000-7f16351a0000 ---p 00000000 00:00 0 
7f16351a0000-7f16352a1000 rw-p 00000000 00:00 0 
7f16352a1000-7f16352a2000 ---p 00000000 00:00 0 
7f16352a2000-7f1635463000 rw-p 00000000 00:00 0 
7f1635463000-7f16359d3000 ---p 00000000 00:00 0 
7f16359d3000-7f1635a30000 rw-p 00000000 00:00 0 
7f1635a30000-7f1635fa0000 ---p 00000000 00:00 0 
7f1635fa0000-7f1635ffd000 rw-p 00000000 00:00 0 
7f1635ffd000-7f163656d000 ---p 00000000 00:00 0 
7f163656d000-7f1636971000 rw-p 00000000 00:00 0 
7f1636971000-7f1636972000 ---p 00000000 00:00 0 
7f1636972000-7f1636a78000 rw-p 00000000 00:00 0 
7f1636a78000-7f1636b5e000 ---p 00000000 00:00 0 
7f1636b5e000-7f1636b63000 rw-p 00000000 00:00 0 
7f1636b63000-7f1636c49000 ---p 00000000 00:00 0 
7f1636c49000-7f1636c65000 r-xp 00000000 07:00 466                        /snap/android-studio/115/android-studio/jre/lib/libzip.so
7f1636c65000-7f1636e64000 ---p 0001c000 07:00 466                        /snap/android-studio/115/android-studio/jre/lib/libzip.so
7f1636e64000-7f1636e65000 r--p 0001b000 07:00 466                        /snap/android-studio/115/android-studio/jre/lib/libzip.so
7f1636e65000-7f1636e66000 rw-p 0001c000 07:00 466                        /snap/android-studio/115/android-studio/jre/lib/libzip.so
7f1636e66000-7f1636e69000 r--p 00000000 08:05 5767769                    /lib/x86_64-linux-gnu/libnss_files-2.31.so
7f1636e69000-7f1636e70000 r-xp 00003000 08:05 5767769                    /lib/x86_64-linux-gnu/libnss_files-2.31.so
7f1636e70000-7f1636e72000 r--p 0000a000 08:05 5767769                    /lib/x86_64-linux-gnu/libnss_files-2.31.so
7f1636e72000-7f1636e73000 r--p 0000b000 08:05 5767769                    /lib/x86_64-linux-gnu/libnss_files-2.31.so
7f1636e73000-7f1636e74000 rw-p 0000c000 08:05 5767769                    /lib/x86_64-linux-gnu/libnss_files-2.31.so
7f1636e74000-7f1636e7a000 rw-p 00000000 00:00 0 
7f1636e7a000-7f1636e7e000 r--p 00000000 08:05 5767759                    /lib/x86_64-linux-gnu/libnsl-2.31.so
7f1636e7e000-7f1636e8e000 r-xp 00004000 08:05 5767759                    /lib/x86_64-linux-gnu/libnsl-2.31.so
7f1636e8e000-7f1636e93000 r--p 00014000 08:05 5767759                    /lib/x86_64-linux-gnu/libnsl-2.31.so
7f1636e93000-7f1636e94000 r--p 00018000 08:05 5767759                    /lib/x86_64-linux-gnu/libnsl-2.31.so
7f1636e94000-7f1636e95000 rw-p 00019000 08:05 5767759                    /lib/x86_64-linux-gnu/libnsl-2.31.so
7f1636e95000-7f1636e97000 rw-p 00000000 00:00 0 
7f1636e97000-7f1636e99000 r--p 00000000 08:05 5767776                    /lib/x86_64-linux-gnu/libnss_nis-2.31.so
7f1636e99000-7f1636ea1000 r-xp 00002000 08:05 5767776                    /lib/x86_64-linux-gnu/libnss_nis-2.31.so
7f1636ea1000-7f1636ea3000 r--p 0000a000 08:05 5767776                    /lib/x86_64-linux-gnu/libnss_nis-2.31.so
7f1636ea3000-7f1636ea4000 r--p 0000b000 08:05 5767776                    /lib/x86_64-linux-gnu/libnss_nis-2.31.so
7f1636ea4000-7f1636ea5000 rw-p 0000c000 08:05 5767776                    /lib/x86_64-linux-gnu/libnss_nis-2.31.so
7f1636eb4000-7f1636eb9000 rw-p 00000000 00:00 0 
7f1636eb9000-7f1636ec0000 ---p 00000000 00:00 0 
7f1636ec0000-7f1636edd000 r-xp 00000000 07:00 448                        /snap/android-studio/115/android-studio/jre/lib/libjimage.so
7f1636edd000-7f16370dc000 ---p 0001d000 07:00 448                        /snap/android-studio/115/android-studio/jre/lib/libjimage.so
7f16370dc000-7f16370de000 r--p 0001c000 07:00 448                        /snap/android-studio/115/android-studio/jre/lib/libjimage.so
7f16370de000-7f16370df000 rw-p 0001e000 07:00 448                        /snap/android-studio/115/android-studio/jre/lib/libjimage.so
7f16370df000-7f16370f1000 rw-p 00000000 00:00 0 
7f16370f1000-7f1637116000 r-xp 00000000 07:00 444                        /snap/android-studio/115/android-studio/jre/lib/libjava.so
7f1637116000-7f1637316000 ---p 00025000 07:00 444                        /snap/android-studio/115/android-studio/jre/lib/libjava.so
7f1637316000-7f1637317000 r--p 00025000 07:00 444                        /snap/android-studio/115/android-studio/jre/lib/libjava.so
7f1637317000-7f1637318000 rw-p 00026000 07:00 444                        /snap/android-studio/115/android-studio/jre/lib/libjava.so
7f1637318000-7f1637325000 r-xp 00000000 07:00 465                        /snap/android-studio/115/android-studio/jre/lib/libverify.so
7f1637325000-7f1637525000 ---p 0000d000 07:00 465                        /snap/android-studio/115/android-studio/jre/lib/libverify.so
7f1637525000-7f1637527000 r--p 0000d000 07:00 465                        /snap/android-studio/115/android-studio/jre/lib/libverify.so
7f1637527000-7f1637528000 rw-p 0000f000 07:00 465                        /snap/android-studio/115/android-studio/jre/lib/libverify.so
7f1637528000-7f163752a000 r--p 00000000 08:05 5767785                    /lib/x86_64-linux-gnu/librt-2.31.so
7f163752a000-7f163752e000 r-xp 00002000 08:05 5767785                    /lib/x86_64-linux-gnu/librt-2.31.so
7f163752e000-7f1637530000 r--p 00006000 08:05 5767785                    /lib/x86_64-linux-gnu/librt-2.31.so
7f1637530000-7f1637531000 r--p 00007000 08:05 5767785                    /lib/x86_64-linux-gnu/librt-2.31.so
7f1637531000-7f1637532000 rw-p 00008000 08:05 5767785                    /lib/x86_64-linux-gnu/librt-2.31.so
7f1637532000-7f1637536000 ---p 00000000 00:00 0 
7f1637536000-7f1637633000 rw-p 00000000 00:00 0 
7f1637633000-7f1637640000 r--p 00000000 08:05 5767753                    /lib/x86_64-linux-gnu/libm-2.31.so
7f1637640000-7f16376e7000 r-xp 0000d000 08:05 5767753                    /lib/x86_64-linux-gnu/libm-2.31.so
7f16376e7000-7f1637780000 r--p 000b4000 08:05 5767753                    /lib/x86_64-linux-gnu/libm-2.31.so
7f1637780000-7f1637781000 r--p 0014c000 08:05 5767753                    /lib/x86_64-linux-gnu/libm-2.31.so
7f1637781000-7f1637782000 rw-p 0014d000 08:05 5767753                    /lib/x86_64-linux-gnu/libm-2.31.so
7f1637782000-7f16386ae000 r-xp 00000000 07:00 478                        /snap/android-studio/115/android-studio/jre/lib/server/libjvm.so
7f16386ae000-7f16388ae000 ---p 00f2c000 07:00 478                        /snap/android-studio/115/android-studio/jre/lib/server/libjvm.so
7f16388ae000-7f1638972000 r--p 00f2c000 07:00 478                        /snap/android-studio/115/android-studio/jre/lib/server/libjvm.so
7f1638972000-7f16389a9000 rw-p 00ff0000 07:00 478                        /snap/android-studio/115/android-studio/jre/lib/server/libjvm.so
7f16389a9000-7f1638a13000 rw-p 00000000 00:00 0 
7f1638a13000-7f1638a35000 r--p 00000000 08:05 5767749                    /lib/x86_64-linux-gnu/libc-2.31.so
7f1638a35000-7f1638bad000 r-xp 00022000 08:05 5767749                    /lib/x86_64-linux-gnu/libc-2.31.so
7f1638bad000-7f1638bfb000 r--p 0019a000 08:05 5767749                    /lib/x86_64-linux-gnu/libc-2.31.so
7f1638bfb000-7f1638bff000 r--p 001e7000 08:05 5767749                    /lib/x86_64-linux-gnu/libc-2.31.so
7f1638bff000-7f1638c01000 rw-p 001eb000 08:05 5767749                    /lib/x86_64-linux-gnu/libc-2.31.so
7f1638c01000-7f1638c05000 rw-p 00000000 00:00 0 
7f1638c05000-7f1638c06000 r--p 00000000 08:05 5767751                    /lib/x86_64-linux-gnu/libdl-2.31.so
7f1638c06000-7f1638c08000 r-xp 00001000 08:05 5767751                    /lib/x86_64-linux-gnu/libdl-2.31.so
7f1638c08000-7f1638c09000 r--p 00003000 08:05 5767751                    /lib/x86_64-linux-gnu/libdl-2.31.so
7f1638c09000-7f1638c0a000 r--p 00003000 08:05 5767751                    /lib/x86_64-linux-gnu/libdl-2.31.so
7f1638c0a000-7f1638c0b000 rw-p 00004000 08:05 5767751                    /lib/x86_64-linux-gnu/libdl-2.31.so
7f1638c0b000-7f1638c21000 r-xp 00000000 07:00 428                        /snap/android-studio/115/android-studio/jre/lib/jli/libjli.so
7f1638c21000-7f1638e20000 ---p 00016000 07:00 428                        /snap/android-studio/115/android-studio/jre/lib/jli/libjli.so
7f1638e20000-7f1638e21000 r--p 00015000 07:00 428                        /snap/android-studio/115/android-studio/jre/lib/jli/libjli.so
7f1638e21000-7f1638e22000 rw-p 00016000 07:00 428                        /snap/android-studio/115/android-studio/jre/lib/jli/libjli.so
7f1638e22000-7f1638e28000 r--p 00000000 08:05 5767782                    /lib/x86_64-linux-gnu/libpthread-2.31.so
7f1638e28000-7f1638e39000 r-xp 00006000 08:05 5767782                    /lib/x86_64-linux-gnu/libpthread-2.31.so
7f1638e39000-7f1638e3f000 r--p 00017000 08:05 5767782                    /lib/x86_64-linux-gnu/libpthread-2.31.so
7f1638e3f000-7f1638e40000 r--p 0001c000 08:05 5767782                    /lib/x86_64-linux-gnu/libpthread-2.31.so
7f1638e40000-7f1638e41000 rw-p 0001d000 08:05 5767782                    /lib/x86_64-linux-gnu/libpthread-2.31.so
7f1638e41000-7f1638e45000 rw-p 00000000 00:00 0 
7f1638e4a000-7f1638e52000 rw-s 00000000 08:05 1053740                    /tmp/hsperfdata_ronytarafder99/25387
7f1638e52000-7f1638e54000 r--p 00000000 08:05 5767762                    /lib/x86_64-linux-gnu/libnss_compat-2.31.so
7f1638e54000-7f1638e5b000 r-xp 00002000 08:05 5767762                    /lib/x86_64-linux-gnu/libnss_compat-2.31.so
7f1638e5b000-7f1638e5c000 r--p 00009000 08:05 5767762                    /lib/x86_64-linux-gnu/libnss_compat-2.31.so
7f1638e5c000-7f1638e5d000 r--p 00009000 08:05 5767762                    /lib/x86_64-linux-gnu/libnss_compat-2.31.so
7f1638e5d000-7f1638e5e000 rw-p 0000a000 08:05 5767762                    /lib/x86_64-linux-gnu/libnss_compat-2.31.so
7f1638e5e000-7f1638e5f000 ---p 00000000 00:00 0 
7f1638e5f000-7f1638e60000 r--p 00000000 00:00 0 
7f1638e60000-7f1638e62000 rw-p 00000000 00:00 0 
7f1638e62000-7f1638e63000 r--p 00000000 08:05 5767740                    /lib/x86_64-linux-gnu/ld-2.31.so
7f1638e63000-7f1638e86000 r-xp 00001000 08:05 5767740                    /lib/x86_64-linux-gnu/ld-2.31.so
7f1638e86000-7f1638e8e000 r--p 00024000 08:05 5767740                    /lib/x86_64-linux-gnu/ld-2.31.so
7f1638e8f000-7f1638e90000 r--p 0002c000 08:05 5767740                    /lib/x86_64-linux-gnu/ld-2.31.so
7f1638e90000-7f1638e91000 rw-p 0002d000 08:05 5767740                    /lib/x86_64-linux-gnu/ld-2.31.so
7f1638e91000-7f1638e92000 rw-p 00000000 00:00 0 
7ffd3a65b000-7ffd3a67d000 rw-p 00000000 00:00 0                          [stack]
7ffd3a689000-7ffd3a68c000 r--p 00000000 00:00 0                          [vvar]
7ffd3a68c000-7ffd3a68d000 r-xp 00000000 00:00 0                          [vdso]
ffffffffff600000-ffffffffff601000 --xp 00000000 00:00 0                  [vsyscall]


VM Arguments:
java_command: org.jetbrains.git4idea.http.GitAskPassApp Username for 'https://github.com': 
java_class_path (initial): /snap/android-studio/115/android-studio/plugins/git4idea/lib/git4idea-rt.jar:/snap/android-studio/115/android-studio/lib/xmlrpc-2.0.1.jar:/snap/android-studio/115/android-studio/lib/commons-codec-1.14.jar
Launcher Type: SUN_STANDARD

[Global flags]
     intx CICompilerCount                          = 3                                         {product} {ergonomic}
     uint ConcGCThreads                            = 1                                         {product} {ergonomic}
     uint G1ConcRefinementThreads                  = 4                                         {product} {ergonomic}
   size_t G1HeapRegionSize                         = 1048576                                   {product} {ergonomic}
    uintx GCDrainStackTargetSize                   = 64                                        {product} {ergonomic}
   size_t InitialHeapSize                          = 195035136                                 {product} {ergonomic}
   size_t MarkStackSize                            = 4194304                                   {product} {ergonomic}
   size_t MaxHeapSize                              = 3114270720                                {product} {ergonomic}
   size_t MaxNewSize                               = 1868562432                                {product} {ergonomic}
   size_t MinHeapDeltaBytes                        = 1048576                                   {product} {ergonomic}
    uintx NonNMethodCodeHeapSize                   = 5830732                                {pd product} {ergonomic}
    uintx NonProfiledCodeHeapSize                  = 122913754                              {pd product} {ergonomic}
    uintx ProfiledCodeHeapSize                     = 122913754                              {pd product} {ergonomic}
    uintx ReservedCodeCacheSize                    = 251658240                              {pd product} {ergonomic}
     bool SegmentedCodeCache                       = true                                      {product} {ergonomic}
     bool UseCompressedClassPointers               = true                                 {lp64_product} {ergonomic}
     bool UseCompressedOops                        = true                                 {lp64_product} {ergonomic}
     bool UseG1GC                                  = true                                      {product} {ergonomic}

Logging:
Log output configuration:
 #0: stdout all=warning uptime,level,tags
 #1: stderr all=off uptime,level,tags

Environment Variables:
PATH=/usr/lib/git-core:/home/ronytarafder99/.local/bin:/usr/local/sbin:/usr/local/bin:/usr/sbin:/usr/bin:/sbin:/bin:/usr/games:/usr/local/games:/snap/bin:/usr/lib/dart/bin
USERNAME=ronytarafder99
SHELL=/bin/bash
DISPLAY=:0
LANG=en_US.UTF-8
LC_ALL=en_US.UTF-8

Signal Handlers:
SIGSEGV: [libjvm.so+0xc2dd80], sa_mask[0]=11111111011111111101111111111110, sa_flags=SA_RESTART|SA_SIGINFO
SIGBUS: [libjvm.so+0xc2dd80], sa_mask[0]=11111111011111111101111111111110, sa_flags=SA_RESTART|SA_SIGINFO
SIGFPE: [libjvm.so+0xc2dd80], sa_mask[0]=11111111011111111101111111111110, sa_flags=SA_RESTART|SA_SIGINFO
SIGPIPE: [libjvm.so+0xa839f0], sa_mask[0]=11111111011111111101111111111110, sa_flags=SA_RESTART|SA_SIGINFO
SIGXFSZ: [libjvm.so+0xa839f0], sa_mask[0]=11111111011111111101111111111110, sa_flags=SA_RESTART|SA_SIGINFO
SIGILL: [libjvm.so+0xc2dd80], sa_mask[0]=11111111011111111101111111111110, sa_flags=SA_RESTART|SA_SIGINFO
SIGUSR2: [libjvm.so+0xa840d0], sa_mask[0]=00100000000000000000000000000000, sa_flags=SA_RESTART|SA_SIGINFO
SIGHUP: [libjvm.so+0xa80ac0], sa_mask[0]=11111111011111111101111111111110, sa_flags=SA_RESTART|SA_SIGINFO
SIGINT: [libjvm.so+0xa80ac0], sa_mask[0]=11111111011111111101111111111110, sa_flags=SA_RESTART|SA_SIGINFO
SIGTERM: [libjvm.so+0xa80ac0], sa_mask[0]=11111111011111111101111111111110, sa_flags=SA_RESTART|SA_SIGINFO
SIGQUIT: [libjvm.so+0xa80ac0], sa_mask[0]=11111111011111111101111111111110, sa_flags=SA_RESTART|SA_SIGINFO


---------------  S Y S T E M  ---------------

OS:DISTRIB_ID=Ubuntu
DISTRIB_RELEASE=20.04
DISTRIB_CODENAME=focal
DISTRIB_DESCRIPTION="Ubuntu 20.04.4 LTS"
uname:Linux 5.4.0-48-generic #52-Ubuntu SMP Thu Sep 10 10:58:49 UTC 2020 x86_64
OS uptime: 0 days 2:37 hours
libc:glibc 2.31 NPTL 2.31 
rlimit (soft/hard): STACK 8192k/infinity , CORE 0k/infinity , NPROC 47288/47288 , NOFILE 1048576/1048576 , AS infinity/infinity , CPU infinity/infinity , DATA infinity/infinity , FSIZE infinity/infinity , MEMLOCK 65536k/65536k
load average:2.39 2.75 2.66

/proc/meminfo:
MemTotal:       12159344 kB
MemFree:          496312 kB
MemAvailable:    5367444 kB
Buffers:          689144 kB
Cached:          4542664 kB
SwapCached:        10736 kB
Active:          8447508 kB
Inactive:        2511000 kB
Active(anon):    5288728 kB
Inactive(anon):   784256 kB
Active(file):    3158780 kB
Inactive(file):  1726744 kB
Unevictable:      119844 kB
Mlocked:              48 kB
SwapTotal:       7999484 kB
SwapFree:        7546108 kB
Dirty:              2056 kB
Writeback:             0 kB
AnonPages:       5838136 kB
Mapped:           493376 kB
Shmem:            354696 kB
KReclaimable:     310556 kB
Slab:             464008 kB
SReclaimable:     310556 kB
SUnreclaim:       153452 kB
KernelStack:       16972 kB
PageTables:        48792 kB
NFS_Unstable:          0 kB
Bounce:                0 kB
WritebackTmp:          0 kB
CommitLimit:    14079156 kB
Committed_AS:   15397912 kB
VmallocTotal:   34359738367 kB
VmallocUsed:       34624 kB
VmallocChunk:          0 kB
Percpu:             3472 kB
HardwareCorrupted:     0 kB
AnonHugePages:         0 kB
ShmemHugePages:        0 kB
ShmemPmdMapped:        0 kB
FileHugePages:         0 kB
FilePmdMapped:         0 kB
CmaTotal:              0 kB
CmaFree:               0 kB
HugePages_Total:       0
HugePages_Free:        0
HugePages_Rsvd:        0
HugePages_Surp:        0
Hugepagesize:       2048 kB
Hugetlb:               0 kB
DirectMap4k:      436764 kB
DirectMap2M:    12036096 kB
DirectMap1G:           0 kB

/sys/kernel/mm/transparent_hugepage/enabled:
always [madvise] never
/sys/kernel/mm/transparent_hugepage/defrag (defrag/compaction efforts parameter):
always defer defer+madvise [madvise] never

/proc/sys/kernel/threads-max (system-wide limit on the number of threads):
94577
/proc/sys/vm/max_map_count (maximum number of memory map areas a process may have):
65530
/proc/sys/kernel/pid_max (system-wide limit on number of process identifiers):
4194304

container (cgroup) information:
container_type: cgroupv1
cpu_cpuset_cpus: 0-3
cpu_memory_nodes: 0
active_processor_count: 4
cpu_quota: -1
cpu_period: 100000
cpu_shares: -1
memory_limit_in_bytes: -1
memory_and_swap_limit_in_bytes: -2
memory_soft_limit_in_bytes: -1
memory_usage_in_bytes: 10244517888
memory_max_usage_in_bytes: 11229659136

Steal ticks since vm start: 0
Steal ticks percentage since vm start:  0.000

CPU:total 4 (initial active 4) (2 cores per cpu, 2 threads per core) family 6 model 94 stepping 3 microcode 0xc2, cmov, cx8, fxsr, mmx, sse, sse2, sse3, ssse3, sse4.1, sse4.2, popcnt, avx, avx2, aes, clmul, erms, 3dnowpref, lzcnt, ht, tsc, tscinvbit, bmi1, bmi2, adx, fma
CPU Model and flags from /proc/cpuinfo:
model name	: Intel(R) Core(TM) i3-6100 CPU @ 3.70GHz
flags		: fpu vme de pse tsc msr pae mce cx8 apic sep mtrr pge mca cmov pat pse36 clflush dts acpi mmx fxsr sse sse2 ss ht tm pbe syscall nx pdpe1gb rdtscp lm constant_tsc art arch_perfmon pebs bts rep_good nopl xtopology nonstop_tsc cpuid aperfmperf pni pclmulqdq dtes64 monitor ds_cpl vmx est tm2 ssse3 sdbg fma cx16 xtpr pdcm pcid sse4_1 sse4_2 x2apic movbe popcnt tsc_deadline_timer aes xsave avx f16c rdrand lahf_lm abm 3dnowprefetch cpuid_fault invpcid_single pti ibrs ibpb stibp tpr_shadow vnmi flexpriority ept vpid ept_ad fsgsbase tsc_adjust bmi1 avx2 smep bmi2 erms invpcid mpx rdseed adx smap clflushopt intel_pt xsaveopt xsavec xgetbv1 xsaves dtherm arat pln pts hwp hwp_notify hwp_act_window hwp_epp
Online cpus:
0-3
Offline cpus:

BIOS frequency limitation:
<Not Available>
Frequency switch latency (ns):
0
Available cpu frequencies:
<Not Available>
Current governor:
powersave
Core performance/turbo boost:
<Not Available>

Memory: 4k page, physical 12159344k(496312k free), swap 7999484k(7546108k free)

vm_info: OpenJDK 64-Bit Server VM (11.0.10+0-b96-7249189) for linux-amd64 JRE (11.0.10+0-b96-7249189), built on Mar 31 2021 19:21:57 by "androidbuild" with gcc Android (6875598, based on r399163b) Clang 11.0.5 (https://android.googlesource.com/toolchain/llvm-project 87f1315dfbea7c137aa2e6d362dbb457e388158d)

END.
